|--- feature_10 <= 0.04
|   |--- feature_11 <= 0.96
|   |   |--- feature_6 <= 0.79
|   |   |   |--- feature_11 <= 0.88
|   |   |   |   |--- feature_11 <= 0.08
|   |   |   |   |   |--- feature_6 <= 0.21
|   |   |   |   |   |   |--- class: 1.0
|   |   |   |   |   |--- feature_6 >  0.21
|   |   |   |   |   |   |--- class: 0.0
|   |   |   |   |--- feature_11 >  0.08
|   |   |   |   |   |--- class: 0.0
|   |   |   |--- feature_11 >  0.88
|   |   |   |   |--- feature_3 <= 0.60
|   |   |   |   |   |--- class: 0.0
|   |   |   |   |--- feature_3 >  0.60
|   |   |   |   |   |--- class: 1.0
|   |   |--- feature_6 >  0.79
|   |   |   |--- feature_5 <= 0.57
|   |   |   |   |--- feature_7 <= 0.73
|   |   |   |   |   |--- class: 0.0
|   |   |   |   |--- feature_7 >  0.73
|   |   |   |   |   |--- class: 1.0
|   |   |   |--- feature_5 >  0.57
|   |   |   |   |--- feature_3 <= 0.27
|   |   |   |   |   |--- class: 0.0
|   |   |   |   |--- feature_3 >  0.27
|   |   |   |   |   |--- class: 1.0
|   |--- feature_11 >  0.96
|   |   |--- class: 1.0
|--- feature_10 >  0.04
|   |--- feature_8 <= 0.88
|   |   |--- feature_2 <= 0.48
|   |   |   |--- feature_7 <= 0.65
|   |   |   |   |--- feature_12 <= 0.07
|   |   |   |   |   |--- feature_2 <= 0.30
|   |   |   |   |   |   |--- class: 1.0
|   |   |   |   |   |--- feature_2 >  0.30
|   |   |   |   |   |   |--- class: 0.0
|   |   |   |   |--- feature_12 >  0.07
|   |   |   |   |   |--- feature_12 <= 0.73
|   |   |   |   |   |   |--- feature_3 <= 0.79
|   |   |   |   |   |   |   |--- class: 0.0
|   |   |   |   |   |   |--- feature_3 >  0.79
|   |   |   |   |   |   |   |--- feature_0 <= 0.93
|   |   |   |   |   |   |   |   |--- feature_37 <= 0.50
|   |   |   |   |   |   |   |   |   |--- class: 0.0
|   |   |   |   |   |   |   |   |--- feature_37 >  0.50
|   |   |   |   |   |   |   |   |   |--- feature_7 <= 0.53
|   |   |   |   |   |   |   |   |   |   |--- class: 0.0
|   |   |   |   |   |   |   |   |   |--- feature_7 >  0.53
|   |   |   |   |   |   |   |   |   |   |--- feature_1 <= 0.51
|   |   |   |   |   |   |   |   |   |   |   |--- class: 0.0
|   |   |   |   |   |   |   |   |   |   |--- feature_1 >  0.51
|   |   |   |   |   |   |   |   |   |   |   |--- class: 1.0
|   |   |   |   |   |   |   |--- feature_0 >  0.93
|   |   |   |   |   |   |   |   |--- feature_15 <= 0.84
|   |   |   |   |   |   |   |   |   |--- class: 0.0
|   |   |   |   |   |   |   |   |--- feature_15 >  0.84
|   |   |   |   |   |   |   |   |   |--- class: 1.0
|   |   |   |   |   |--- feature_12 >  0.73
|   |   |   |   |   |   |--- feature_12 <= 0.73
|   |   |   |   |   |   |   |--- class: 1.0
|   |   |   |   |   |   |--- feature_12 >  0.73
|   |   |   |   |   |   |   |--- feature_14 <= 0.21
|   |   |   |   |   |   |   |   |--- feature_6 <= 0.58
|   |   |   |   |   |   |   |   |   |--- class: 0.0
|   |   |   |   |   |   |   |   |--- feature_6 >  0.58
|   |   |   |   |   |   |   |   |   |--- class: 1.0
|   |   |   |   |   |   |   |--- feature_14 >  0.21
|   |   |   |   |   |   |   |   |--- class: 0.0
|   |   |   |--- feature_7 >  0.65
|   |   |   |   |--- feature_7 <= 0.66
|   |   |   |   |   |--- class: 1.0
|   |   |   |   |--- feature_7 >  0.66
|   |   |   |   |   |--- feature_16 <= 0.56
|   |   |   |   |   |   |--- feature_4 <= 0.67
|   |   |   |   |   |   |   |--- class: 0.0
|   |   |   |   |   |   |--- feature_4 >  0.67
|   |   |   |   |   |   |   |--- feature_7 <= 0.75
|   |   |   |   |   |   |   |   |--- class: 0.0
|   |   |   |   |   |   |   |--- feature_7 >  0.75
|   |   |   |   |   |   |   |   |--- class: 1.0
|   |   |   |   |   |--- feature_16 >  0.56
|   |   |   |   |   |   |--- feature_14 <= 0.34
|   |   |   |   |   |   |   |--- class: 0.0
|   |   |   |   |   |   |--- feature_14 >  0.34
|   |   |   |   |   |   |   |--- class: 1.0
|   |   |--- feature_2 >  0.48
|   |   |   |--- feature_2 <= 0.48
|   |   |   |   |--- class: 1.0
|   |   |   |--- feature_2 >  0.48
|   |   |   |   |--- feature_2 <= 0.48
|   |   |   |   |   |--- feature_9 <= 0.94
|   |   |   |   |   |   |--- feature_2 <= 0.48
|   |   |   |   |   |   |   |--- feature_4 <= 0.80
|   |   |   |   |   |   |   |   |--- class: 0.0
|   |   |   |   |   |   |   |--- feature_4 >  0.80
|   |   |   |   |   |   |   |   |--- feature_20 <= 0.50
|   |   |   |   |   |   |   |   |   |--- class: 1.0
|   |   |   |   |   |   |   |   |--- feature_20 >  0.50
|   |   |   |   |   |   |   |   |   |--- class: 0.0
|   |   |   |   |   |   |--- feature_2 >  0.48
|   |   |   |   |   |   |   |--- class: 1.0
|   |   |   |   |   |--- feature_9 >  0.94
|   |   |   |   |   |   |--- class: 1.0
|   |   |   |   |--- feature_2 >  0.48
|   |   |   |   |   |--- feature_15 <= 0.90
|   |   |   |   |   |   |--- feature_6 <= 0.19
|   |   |   |   |   |   |   |--- feature_4 <= 0.88
|   |   |   |   |   |   |   |   |--- feature_15 <= 0.50
|   |   |   |   |   |   |   |   |   |--- feature_7 <= 0.77
|   |   |   |   |   |   |   |   |   |   |--- feature_0 <= 0.03
|   |   |   |   |   |   |   |   |   |   |   |--- class: 1.0
|   |   |   |   |   |   |   |   |   |   |--- feature_0 >  0.03
|   |   |   |   |   |   |   |   |   |   |   |--- truncated branch of depth 5
|   |   |   |   |   |   |   |   |   |--- feature_7 >  0.77
|   |   |   |   |   |   |   |   |   |   |--- class: 1.0
|   |   |   |   |   |   |   |   |--- feature_15 >  0.50
|   |   |   |   |   |   |   |   |   |--- class: 0.0
|   |   |   |   |   |   |   |--- feature_4 >  0.88
|   |   |   |   |   |   |   |   |--- class: 1.0
|   |   |   |   |   |   |--- feature_6 >  0.19
|   |   |   |   |   |   |   |--- feature_3 <= 0.19
|   |   |   |   |   |   |   |   |--- feature_15 <= 0.78
|   |   |   |   |   |   |   |   |   |--- feature_5 <= 0.38
|   |   |   |   |   |   |   |   |   |   |--- feature_5 <= 0.37
|   |   |   |   |   |   |   |   |   |   |   |--- truncated branch of depth 4
|   |   |   |   |   |   |   |   |   |   |--- feature_5 >  0.37
|   |   |   |   |   |   |   |   |   |   |   |--- class: 1.0
|   |   |   |   |   |   |   |   |   |--- feature_5 >  0.38
|   |   |   |   |   |   |   |   |   |   |--- class: 0.0
|   |   |   |   |   |   |   |   |--- feature_15 >  0.78
|   |   |   |   |   |   |   |   |   |--- feature_12 <= 0.44
|   |   |   |   |   |   |   |   |   |   |--- class: 0.0
|   |   |   |   |   |   |   |   |   |--- feature_12 >  0.44
|   |   |   |   |   |   |   |   |   |   |--- feature_9 <= 0.19
|   |   |   |   |   |   |   |   |   |   |   |--- class: 0.0
|   |   |   |   |   |   |   |   |   |   |--- feature_9 >  0.19
|   |   |   |   |   |   |   |   |   |   |   |--- truncated branch of depth 2
|   |   |   |   |   |   |   |--- feature_3 >  0.19
|   |   |   |   |   |   |   |   |--- feature_4 <= 0.24
|   |   |   |   |   |   |   |   |   |--- feature_4 <= 0.24
|   |   |   |   |   |   |   |   |   |   |--- feature_0 <= 0.09
|   |   |   |   |   |   |   |   |   |   |   |--- truncated branch of depth 2
|   |   |   |   |   |   |   |   |   |   |--- feature_0 >  0.09
|   |   |   |   |   |   |   |   |   |   |   |--- class: 0.0
|   |   |   |   |   |   |   |   |   |--- feature_4 >  0.24
|   |   |   |   |   |   |   |   |   |   |--- class: 1.0
|   |   |   |   |   |   |   |   |--- feature_4 >  0.24
|   |   |   |   |   |   |   |   |   |--- feature_11 <= 0.01
|   |   |   |   |   |   |   |   |   |   |--- feature_21 <= 0.50
|   |   |   |   |   |   |   |   |   |   |   |--- class: 0.0
|   |   |   |   |   |   |   |   |   |   |--- feature_21 >  0.50
|   |   |   |   |   |   |   |   |   |   |   |--- class: 1.0
|   |   |   |   |   |   |   |   |   |--- feature_11 >  0.01
|   |   |   |   |   |   |   |   |   |   |--- feature_8 <= 0.71
|   |   |   |   |   |   |   |   |   |   |   |--- truncated branch of depth 5
|   |   |   |   |   |   |   |   |   |   |--- feature_8 >  0.71
|   |   |   |   |   |   |   |   |   |   |   |--- truncated branch of depth 2
|   |   |   |   |   |--- feature_15 >  0.90
|   |   |   |   |   |   |--- feature_10 <= 0.07
|   |   |   |   |   |   |   |--- feature_1 <= 0.66
|   |   |   |   |   |   |   |   |--- class: 0.0
|   |   |   |   |   |   |   |--- feature_1 >  0.66
|   |   |   |   |   |   |   |   |--- class: 1.0
|   |   |   |   |   |   |--- feature_10 >  0.07
|   |   |   |   |   |   |   |--- feature_6 <= 0.83
|   |   |   |   |   |   |   |   |--- feature_11 <= 0.82
|   |   |   |   |   |   |   |   |   |--- class: 0.0
|   |   |   |   |   |   |   |   |--- feature_11 >  0.82
|   |   |   |   |   |   |   |   |   |--- feature_8 <= 0.41
|   |   |   |   |   |   |   |   |   |   |--- class: 0.0
|   |   |   |   |   |   |   |   |   |--- feature_8 >  0.41
|   |   |   |   |   |   |   |   |   |   |--- feature_12 <= 0.45
|   |   |   |   |   |   |   |   |   |   |   |--- class: 1.0
|   |   |   |   |   |   |   |   |   |   |--- feature_12 >  0.45
|   |   |   |   |   |   |   |   |   |   |   |--- class: 0.0
|   |   |   |   |   |   |   |--- feature_6 >  0.83
|   |   |   |   |   |   |   |   |--- feature_5 <= 0.37
|   |   |   |   |   |   |   |   |   |--- feature_2 <= 0.54
|   |   |   |   |   |   |   |   |   |   |--- class: 1.0
|   |   |   |   |   |   |   |   |   |--- feature_2 >  0.54
|   |   |   |   |   |   |   |   |   |   |--- class: 0.0
|   |   |   |   |   |   |   |   |--- feature_5 >  0.37
|   |   |   |   |   |   |   |   |   |--- feature_0 <= 0.87
|   |   |   |   |   |   |   |   |   |   |--- feature_5 <= 0.78
|   |   |   |   |   |   |   |   |   |   |   |--- class: 0.0
|   |   |   |   |   |   |   |   |   |   |--- feature_5 >  0.78
|   |   |   |   |   |   |   |   |   |   |   |--- class: 1.0
|   |   |   |   |   |   |   |   |   |--- feature_0 >  0.87
|   |   |   |   |   |   |   |   |   |   |--- class: 1.0
|   |--- feature_8 >  0.88
|   |   |--- feature_10 <= 0.25
|   |   |   |--- class: 1.0
|   |   |--- feature_10 >  0.25
|   |   |   |--- class: 0.0
